
62. Printing statistics.

=== rca_4bit ===

   Number of wires:                 34
   Number of wire bits:             43
   Number of public wires:           5
   Number of public wire bits:      14
   Number of memories:               0
   Number of memory bits:            0
   Number of processes:              0
   Number of cells:                 34
     sky130_fd_sc_hd__a21boi_2       1
     sky130_fd_sc_hd__a221o_2        1
     sky130_fd_sc_hd__a2bb2oi_2      1
     sky130_fd_sc_hd__and2_2         4
     sky130_fd_sc_hd__and2b_2        4
     sky130_fd_sc_hd__buf_1          3
     sky130_fd_sc_hd__nand2_2        5
     sky130_fd_sc_hd__nor2_2         4
     sky130_fd_sc_hd__nor3_2         1
     sky130_fd_sc_hd__o211ai_2       1
     sky130_fd_sc_hd__o21a_2         3
     sky130_fd_sc_hd__o21ai_2        1
     sky130_fd_sc_hd__o21bai_2       1
     sky130_fd_sc_hd__o221a_2        1
     sky130_fd_sc_hd__o2bb2ai_2      1
     sky130_fd_sc_hd__or2_2          2

   Chip area for module '\rca_4bit': 277.766400

