Instance name,  X location,  Y location,  Voltage 
FILLER_0_24_133, 70.725, 78.88, 1.79999
FILLER_0_25_149, 70.725, 78.88, 1.79999
FILLER_0_22_133, 70.725, 73.44, 1.79999
FILLER_0_23_149, 70.725, 73.44, 1.79999
FILLER_0_20_133, 70.725, 68, 1.8
FILLER_0_21_149, 70.725, 68, 1.8
FILLER_0_18_133, 70.725, 62.56, 1.8
FILLER_0_18_141, 70.725, 62.56, 1.8
FILLER_0_19_149, 70.725, 62.56, 1.8
_57_, 70.725, 57.12, 1.79999
FILLER_0_17_149, 70.725, 57.12, 1.79999
FILLER_0_18_149, 70.725, 57.12, 1.79999
FILLER_0_14_132, 70.725, 51.68, 1.79999
FILLER_0_15_149, 70.725, 51.68, 1.79999
FILLER_0_12_133, 70.725, 46.24, 1.79999
FILLER_0_13_149, 70.725, 46.24, 1.79999
FILLER_0_10_137, 70.725, 40.8, 1.79999
FILLER_0_8_133, 70.725, 35.36, 1.79999
FILLER_0_9_149, 70.725, 35.36, 1.79999
FILLER_0_6_137, 70.725, 29.92, 1.79999
FILLER_0_7_149, 70.725, 29.92, 1.79999
FILLER_0_4_133, 70.725, 24.48, 1.79999
FILLER_0_5_149, 70.725, 24.48, 1.79999
FILLER_0_3_149, 70.725, 19.04, 1.79999
FILLER_0_0_137, 70.725, 13.6, 1.79999
FILLER_0_1_149, 70.725, 13.6, 1.79999
FILLER_0_25_105, 52.095, 78.88, 1.79999
FILLER_0_26_109, 52.095, 78.88, 1.79999
FILLER_0_23_105, 52.095, 73.44, 1.79999
FILLER_0_19_105, 52.095, 62.56, 1.8
FILLER_0_17_105, 52.095, 57.12, 1.79999
_33_, 52.095, 51.68, 1.79999
FILLER_0_15_101, 52.095, 51.68, 1.79999
FILLER_0_15_109, 52.095, 51.68, 1.79999
FILLER_0_16_107, 52.095, 51.68, 1.79999
FILLER_0_13_105, 52.095, 46.24, 1.79999
FILLER_0_14_109, 52.095, 46.24, 1.79999
_58_, 52.095, 40.8, 1.79999
_59_, 52.095, 40.8, 1.79999
FILLER_0_11_108, 52.095, 40.8, 1.79999
FILLER_0_9_103, 52.095, 35.36, 1.79999
FILLER_0_10_111, 52.095, 35.36, 1.79999
_43_, 52.095, 29.92, 1.79999
FILLER_0_7_105, 52.095, 29.92, 1.79999
FILLER_0_5_105, 52.095, 24.48, 1.79999
FILLER_0_2_97, 52.095, 19.04, 1.79999
FILLER_0_3_105, 52.095, 19.04, 1.79999
_60_, 52.095, 13.6, 1.79999
output12, 52.095, 13.6, 1.79999
FILLER_0_0_105, 52.095, 13.6, 1.79999
FILLER_0_1_105, 52.095, 13.6, 1.79999
output10, 33.465, 84.32, 1.79999
FILLER_0_26_53, 33.465, 84.32, 1.79999
_54_, 33.465, 78.88, 1.79999
FILLER_0_25_53, 33.465, 78.88, 1.79999
FILLER_0_23_51, 33.465, 73.44, 1.79999
_52_, 33.465, 68, 1.79999
_53_, 33.465, 68, 1.79999
FILLER_0_21_51, 33.465, 68, 1.79999
FILLER_0_19_51, 33.465, 62.56, 1.79999
FILLER_0_16_54, 33.465, 57.12, 1.79999
FILLER_0_17_51, 33.465, 57.12, 1.79999
_46_, 33.465, 51.68, 1.79999
_55_, 33.465, 51.68, 1.79999
FILLER_0_16_69, 33.465, 51.68, 1.79999
_36_, 33.465, 46.24, 1.79999
FILLER_0_13_51, 33.465, 46.24, 1.79999
_39_, 33.465, 40.8, 1.79999
FILLER_0_11_51, 33.465, 40.8, 1.79999
FILLER_0_9_51, 33.465, 35.36, 1.79999
FILLER_0_7_51, 33.465, 29.92, 1.79999
FILLER_0_3_51, 33.465, 19.04, 1.79999
FILLER_0_1_51, 33.465, 13.6, 1.79999
FILLER_0_26_25, 14.835, 78.88, 1.79999
FILLER_0_0_18, 14.835, 13.6, 1.79999
PHY_52, 5.52, 84.32, 1.79999
PHY_53, 80.04, 84.32, 1.79999
output11, 80.04, 84.32, 1.79999
FILLER_0_26_77, 42.78, 84.32, 1.79999
input7, 61.41, 84.32, 1.79999
PHY_48, 5.52, 78.88, 1.79998
PHY_50, 5.52, 78.88, 1.79998
input9, 5.52, 78.88, 1.79998
output13, 5.52, 78.88, 1.79998
PHY_49, 80.04, 78.88, 1.79999
PHY_51, 80.04, 78.88, 1.79999
FILLER_0_24_153, 80.04, 78.88, 1.79999
FILLER_0_25_45, 24.15, 78.88, 1.79999
FILLER_0_24_79, 42.78, 78.88, 1.79999
FILLER_0_26_130, 61.41, 78.88, 1.79999
PHY_44, 5.52, 73.44, 1.79999
PHY_46, 5.52, 73.44, 1.79999
PHY_45, 80.04, 73.44, 1.79999
PHY_47, 80.04, 73.44, 1.79999
input2, 80.04, 73.44, 1.79999
FILLER_0_22_153, 80.04, 73.44, 1.79999
FILLER_0_24_41, 24.15, 73.44, 1.79999
FILLER_0_24_49, 24.15, 73.44, 1.79999
FILLER_0_22_77, 42.78, 73.44, 1.79999
PHY_40, 5.52, 68, 1.79999
PHY_42, 5.52, 68, 1.79999
PHY_41, 80.04, 68, 1.8
PHY_43, 80.04, 68, 1.8
FILLER_0_20_153, 80.04, 68, 1.8
PHY_36, 5.52, 62.56, 1.79999
PHY_38, 5.52, 62.56, 1.79999
PHY_37, 80.04, 62.56, 1.8
PHY_39, 80.04, 62.56, 1.8
_51_, 24.15, 62.56, 1.79999
FILLER_0_20_41, 24.15, 62.56, 1.79999
FILLER_0_18_77, 42.78, 62.56, 1.8
PHY_32, 5.52, 57.12, 1.79999
PHY_34, 5.52, 57.12, 1.79999
PHY_33, 80.04, 57.12, 1.79999
PHY_35, 80.04, 57.12, 1.79999
FILLER_0_16_153, 80.04, 57.12, 1.79999
_37_, 42.78, 57.12, 1.79999
_56_, 42.78, 57.12, 1.79999
_31_, 61.41, 57.12, 1.79999
_32_, 61.41, 57.12, 1.79999
PHY_28, 5.52, 51.68, 1.79999
PHY_30, 5.52, 51.68, 1.79999
input5, 5.52, 51.68, 1.79999
PHY_29, 80.04, 51.68, 1.79999
PHY_31, 80.04, 51.68, 1.79999
FILLER_0_14_153, 80.04, 51.68, 1.79999
_44_, 24.15, 51.68, 1.79999
_45_, 24.15, 51.68, 1.79999
_50_, 24.15, 51.68, 1.79999
FILLER_0_15_31, 24.15, 51.68, 1.79999
FILLER_0_15_39, 24.15, 51.68, 1.79999
FILLER_0_15_48, 24.15, 51.68, 1.79999
FILLER_0_16_41, 24.15, 51.68, 1.79999
_38_, 42.78, 51.68, 1.79999
_47_, 42.78, 51.68, 1.79999
FILLER_0_14_77, 42.78, 51.68, 1.79999
_40_, 61.41, 51.68, 1.79999
PHY_24, 5.52, 46.24, 1.79999
PHY_26, 5.52, 46.24, 1.79999
PHY_25, 80.04, 46.24, 1.79999
PHY_27, 80.04, 46.24, 1.79999
output14, 80.04, 46.24, 1.79999
FILLER_0_12_75, 42.78, 46.24, 1.79999
PHY_20, 5.52, 40.8, 1.79999
PHY_22, 5.52, 40.8, 1.79999
PHY_21, 80.04, 40.8, 1.79999
PHY_23, 80.04, 40.8, 1.79999
FILLER_0_10_153, 80.04, 40.8, 1.79999
_34_, 24.15, 40.8, 1.79999
_35_, 24.15, 40.8, 1.79999
FILLER_0_11_39, 24.15, 40.8, 1.79999
FILLER_0_12_47, 24.15, 40.8, 1.79999
FILLER_0_10_77, 42.78, 40.8, 1.79999
_41_, 61.41, 40.8, 1.79999
_61_, 61.41, 40.8, 1.79999
PHY_16, 5.52, 35.36, 1.79999
PHY_18, 5.52, 35.36, 1.79999
PHY_17, 80.04, 35.36, 1.79999
PHY_19, 80.04, 35.36, 1.79999
FILLER_0_8_153, 80.04, 35.36, 1.79999
_48_, 42.78, 35.36, 1.79999
_49_, 42.78, 35.36, 1.79999
FILLER_0_8_77, 42.78, 35.36, 1.79999
FILLER_0_9_81, 42.78, 35.36, 1.79999
FILLER_0_10_88, 42.78, 35.36, 1.79999
_62_, 61.41, 35.36, 1.79999
FILLER_0_10_129, 61.41, 35.36, 1.79999
PHY_12, 5.52, 29.92, 1.79999
PHY_14, 5.52, 29.92, 1.79999
PHY_13, 80.04, 29.92, 1.79999
PHY_15, 80.04, 29.92, 1.79999
FILLER_0_6_153, 80.04, 29.92, 1.79999
FILLER_0_6_77, 42.78, 29.92, 1.79999
_29_, 61.41, 29.92, 1.79999
FILLER_0_6_113, 61.41, 29.92, 1.79999
PHY_8, 5.52, 24.48, 1.79999
PHY_10, 5.52, 24.48, 1.79999
input4, 5.52, 24.48, 1.79999
PHY_9, 80.04, 24.48, 1.79999
PHY_11, 80.04, 24.48, 1.79999
FILLER_0_4_153, 80.04, 24.48, 1.79999
_42_, 42.78, 24.48, 1.79999
FILLER_0_4_77, 42.78, 24.48, 1.79999
FILLER_0_6_85, 42.78, 24.48, 1.79999
_30_, 61.41, 24.48, 1.79999
PHY_4, 5.52, 19.04, 1.79999
PHY_6, 5.52, 19.04, 1.79999
PHY_5, 80.04, 19.04, 1.79999
PHY_7, 80.04, 19.04, 1.79999
input8, 80.04, 19.04, 1.79999
FILLER_0_2_153, 80.04, 19.04, 1.79999
FILLER_0_2_77, 42.78, 19.04, 1.79999
PHY_0, 5.52, 13.6, 1.79999
PHY_2, 5.52, 13.6, 1.79999
input6, 5.52, 13.6, 1.79999
PHY_1, 80.04, 13.6, 1.79999
PHY_3, 80.04, 13.6, 1.79999
input3, 80.04, 13.6, 1.79999
FILLER_0_0_153, 80.04, 13.6, 1.79999
input1, 24.15, 13.6, 1.79999
FILLER_0_0_41, 24.15, 13.6, 1.79999
FILLER_0_0_49, 24.15, 13.6, 1.79999
FILLER_0_0_81, 42.78, 13.6, 1.79999
FILLER_0_2_130, 61.41, 13.6, 1.79999

